Flutter crash report; please file at https://github.com/flutter/flutter/issues.

## command

flutter --quiet assemble --depfile E:\_Flutter\shaths_app_thegame\build\app\intermediates\flutter\debug/flutter_build.d --output E:\_Flutter\shaths_app_thegame\build\app\intermediates\flutter\debug -dTargetFile=E:\_Flutter\shaths_app_thegame\lib\main.dart -dTargetPlatform=android -dBuildMode=debug debug_android_application

## exception

FileSystemException: FileSystemException: Cannot delete file, path = 'E:\_Flutter\shaths_app_thegame\.dart_tool\flutter_build\e9a64caad765e58be3e35addbe3de15c\kernel_snapshot.stamp' (OS Error: Le processus ne peut pas accéder au fichier car ce fichier est utilisé par un autre processus.
, errno = 32)

```
#0      _File.throwIfError (dart:io/file_impl.dart:645:7)
#1      _File._deleteSync (dart:io/file_impl.dart:308:5)
#2      FileSystemEntity.deleteSync (dart:io/file_system_entity.dart:466:47)
#3      ForwardingFileSystemEntity.deleteSync (package:file/src/forwarding/forwarding_file_system_entity.dart:72:16)
#4      Target.clearStamp (package:flutter_tools/src/build_system/build_system.dart:153:13)
#5      _BuildInstance._invokeInternal (package:flutter_tools/src/build_system/build_system.dart:566:19)
<asynchronous suspension>
#6      _BuildInstance.invokeTarget.<anonymous closure> (package:flutter_tools/src/build_system/build_system.dart:486:35)
#7      new Future.sync (dart:async/future.dart:224:31)
#8      AsyncMemoizer.runOnce (package:async/src/async_memoizer.dart:43:45)
#9      _BuildInstance.invokeTarget (package:flutter_tools/src/build_system/build_system.dart:486:21)
<asynchronous suspension>
<asynchronous suspension>
#10     BuildSystem.build (package:flutter_tools/src/build_system/build_system.dart:424:36)
#11     AssembleCommand.runCommand (package:flutter_tools/src/commands/assemble.dart:170:50)
#12     FlutterCommand.verifyThenRunCommand (package:flutter_tools/src/runner/flutter_command.dart:615:18)
<asynchronous suspension>
#13     FlutterCommand.run.<anonymous closure> (package:flutter_tools/src/runner/flutter_command.dart:515:33)
<asynchronous suspension>
#14     AppContext.run.<anonymous closure> (package:flutter_tools/src/base/context.dart:146:29)
#15     _rootRun (dart:async/zone.dart:1126:13)
#16     _CustomZone.run (dart:async/zone.dart:1023:19)
#17     _runZoned (dart:async/zone.dart:1518:10)
#18     runZoned (dart:async/zone.dart:1465:12)
#19     AppContext.run (package:flutter_tools/src/base/context.dart:145:18)
#20     FlutterCommand.run (package:flutter_tools/src/runner/flutter_command.dart:505:20)
#21     CommandRunner.runCommand (package:args/command_runner.dart:197:27)
#22     FlutterCommandRunner.runCommand.<anonymous closure> (package:flutter_tools/src/runner/flutter_command_runner.dart:413:21)
<asynchronous suspension>
#23     AppContext.run.<anonymous closure> (package:flutter_tools/src/base/context.dart:146:29)
#24     _rootRun (dart:async/zone.dart:1126:13)
#25     _CustomZone.run (dart:async/zone.dart:1023:19)
#26     _runZoned (dart:async/zone.dart:1518:10)
#27     runZoned (dart:async/zone.dart:1465:12)
#28     AppContext.run (package:flutter_tools/src/base/context.dart:145:18)
#29     FlutterCommandRunner.runCommand (package:flutter_tools/src/runner/flutter_command_runner.dart:364:19)
#30     CommandRunner.run.<anonymous closure> (package:args/command_runner.dart:112:25)
#31     new Future.sync (dart:async/future.dart:224:31)
#32     CommandRunner.run (package:args/command_runner.dart:112:14)
#33     FlutterCommandRunner.run (package:flutter_tools/src/runner/flutter_command_runner.dart:250:18)
#34     run.<anonymous closure>.<anonymous closure> (package:flutter_tools/runner.dart:63:22)
#35     _rootRun (dart:async/zone.dart:1126:13)
#36     _CustomZone.run (dart:async/zone.dart:1023:19)
#37     _runZoned (dart:async/zone.dart:1518:10)
#38     runZoned (dart:async/zone.dart:1502:12)
#39     run.<anonymous closure> (package:flutter_tools/runner.dart:61:18)
<asynchronous suspension>
#40     AppContext.run.<anonymous closure> (package:flutter_tools/src/base/context.dart:146:29)
#41     _rootRun (dart:async/zone.dart:1126:13)
#42     _CustomZone.run (dart:async/zone.dart:1023:19)
#43     _runZoned (dart:async/zone.dart:1518:10)
#44     runZoned (dart:async/zone.dart:1465:12)
#45     AppContext.run (package:flutter_tools/src/base/context.dart:145:18)
#46     runInContext (package:flutter_tools/src/context_runner.dart:64:24)
#47     run (package:flutter_tools/runner.dart:50:10)
#48     main (package:flutter_tools/executable.dart:65:9)
#49     main (file:///C:/Users/Lalla/flutter/packages/flutter_tools/bin/flutter_tools.dart:8:3)
#50     _startIsolate.<anonymous closure> (dart:isolate-patch/isolate_patch.dart:305:32)
#51     _RawReceivePortImpl._handleMessage (dart:isolate-patch/isolate_patch.dart:174:12)
```

## flutter doctor

```
[✓] Flutter (Channel stable, v1.12.13+hotfix.9, on Microsoft Windows [version 10.0.18363.1256], locale fr-FR)
    • Flutter version 1.12.13+hotfix.9 at C:\Users\Lalla\flutter
    • Framework revision f139b11009 (10 months ago), 2020-03-30 13:57:30 -0700
    • Engine revision af51afceb8
    • Dart version 2.7.2

[✓] Android toolchain - develop for Android devices (Android SDK version 28.0.3)
    • Android SDK at C:\Users\Lalla\AppData\Local\Android\sdk
    • Android NDK location not configured (optional; useful for native profiling support)
    • Platform android-29, build-tools 28.0.3
    • Java binary at: E:\Java\jdk1.8.0_231\bin\java
    • Java version Java(TM) SE Runtime Environment (build 1.8.0_231-b11)
    • All Android licenses accepted.

[!] Android Studio (not installed)
    • Android Studio not found; download from https://developer.android.com/studio/index.html
      (or visit https://flutter.dev/setup/#android-setup for detailed instructions).

[✓] Connected device (1 available)
    • SM J105F • 4200d6469c8b6300 • android-arm • Android 5.1.1 (API 22)

! Doctor found issues in 1 category.
```
